0 info it worked if it ends with ok
1 verbose cli [ 'C:\\Program Files\\nodejs\\\\node.exe',
1 verbose cli   'C:\\Program Files\\nodejs\\node_modules\\npm\\bin\\npm-cli.js',
1 verbose cli   'publish' ]
2 info using npm@1.4.28
3 info using node@v0.10.40
4 verbose node symlink C:\Program Files\nodejs\\node.exe
5 verbose publish [ '.' ]
6 verbose cache add [ '.', null ]
7 verbose cache add name=undefined spec="." args=[".",null]
8 verbose parsed url { protocol: null,
8 verbose parsed url   slashes: null,
8 verbose parsed url   auth: null,
8 verbose parsed url   host: null,
8 verbose parsed url   port: null,
8 verbose parsed url   hostname: null,
8 verbose parsed url   hash: null,
8 verbose parsed url   search: null,
8 verbose parsed url   query: null,
8 verbose parsed url   pathname: '.',
8 verbose parsed url   path: '.',
8 verbose parsed url   href: '.' }
9 silly lockFile 3a52ce78- .
10 verbose lock . C:\Users\Ankit\AppData\Roaming\npm-cache\3a52ce78-.lock
11 verbose tar pack [ 'C:\\Users\\Ankit\\AppData\\Roaming\\npm-cache\\math-expression-evaluator\\1.2.9\\package.tgz',
11 verbose tar pack   '.' ]
12 verbose tarball C:\Users\Ankit\AppData\Roaming\npm-cache\math-expression-evaluator\1.2.9\package.tgz
13 verbose folder .
14 info prepublish math-expression-evaluator@1.2.9
15 silly lockFile 1f1177db-tar tar://.
16 verbose lock tar://. C:\Users\Ankit\AppData\Roaming\npm-cache\1f1177db-tar.lock
17 silly lockFile 9fe5af27-sion-evaluator-1-2-9-package-tgz tar://C:\Users\Ankit\AppData\Roaming\npm-cache\math-expression-evaluator\1.2.9\package.tgz
18 verbose lock tar://C:\Users\Ankit\AppData\Roaming\npm-cache\math-expression-evaluator\1.2.9\package.tgz C:\Users\Ankit\AppData\Roaming\npm-cache\9fe5af27-sion-evaluator-1-2-9-package-tgz.lock
19 silly lockFile 1f1177db-tar tar://.
20 silly lockFile 1f1177db-tar tar://.
21 silly lockFile 9fe5af27-sion-evaluator-1-2-9-package-tgz tar://C:\Users\Ankit\AppData\Roaming\npm-cache\math-expression-evaluator\1.2.9\package.tgz
22 silly lockFile 9fe5af27-sion-evaluator-1-2-9-package-tgz tar://C:\Users\Ankit\AppData\Roaming\npm-cache\math-expression-evaluator\1.2.9\package.tgz
23 silly lockFile d6e1ed8e-pression-evaluator-1-2-9-package C:\Users\Ankit\AppData\Roaming\npm-cache\math-expression-evaluator\1.2.9\package
24 verbose lock C:\Users\Ankit\AppData\Roaming\npm-cache\math-expression-evaluator\1.2.9\package C:\Users\Ankit\AppData\Roaming\npm-cache\d6e1ed8e-pression-evaluator-1-2-9-package.lock
25 silly lockFile d6e1ed8e-pression-evaluator-1-2-9-package C:\Users\Ankit\AppData\Roaming\npm-cache\math-expression-evaluator\1.2.9\package
26 silly lockFile d6e1ed8e-pression-evaluator-1-2-9-package C:\Users\Ankit\AppData\Roaming\npm-cache\math-expression-evaluator\1.2.9\package
27 silly lockFile 3a52ce78- .
28 silly lockFile 3a52ce78- .
29 silly publish { name: 'math-expression-evaluator',
29 silly publish   version: '1.2.9',
29 silly publish   description: 'A flexible math expression evaluator',
29 silly publish   main: 'src/formula_evaluator.js',
29 silly publish   scripts: { test: 'mocha' },
29 silly publish   repository:
29 silly publish    { type: 'git',
29 silly publish      url: 'git+https://github.com/ankit31894/math-expression-evaluator.git' },
29 silly publish   keywords: [ 'math', 'expression', 'evaluator', 'parser' ],
29 silly publish   author: { name: 'Ankit G.', email: 'ankit31894@gmail.com' },
29 silly publish   license: 'MIT',
29 silly publish   bugs: { url: 'https://github.com/ankit2038/math-expression-evaluator/issues' },
29 silly publish   homepage: 'https://github.com/ankit2038/math-expression-evaluator#readme',
29 silly publish   devDependencies:
29 silly publish    { grunt: '^0.4.5',
29 silly publish      'grunt-browserify': '^3.8.0',
29 silly publish      'grunt-contrib-jshint': '^0.11.2',
29 silly publish      'grunt-contrib-uglify': '^0.9.1',
29 silly publish      mocha: '^2.2.5' },
29 silly publish   readme: '\r\n\r\n# Introduction\r\nAn extremely efficient, flexible and amazing evaluator with a smart parser for Math expression using Javascript.It has all the basic functions supported with extensive support for new functions, variable etc.\r\nPlus it supports Sigma and Pi notations too. Also, any human readable math expression like `sincostan90` is also readable by this evaluator.\r\n\r\n##[Demonstration](http://jsbin.com/qokime/edit?html,output)\r\n\r\n#Topics\r\n\r\n- [Features](#features)\r\n    - [Supported symbols](#supported-symbols)\r\n\t- [Amazing support for Sigma and Pi](#amazing-support-for-sigma-and-pi)\r\n\t- [Parenthesis less expressions](#parenthesis-less-expression)\r\n- [Installation](#installation)\r\n    - [Node JS](#node-js)\r\n    - [Browser](#browser)\r\n- [Test](#test)\r\n- [Documentation](http://ankit31894.github.io/math-expression-evaluator/)\r\n\r\n\r\n# Installation\r\n## Node JS\r\n **Using npm** \r\n\r\n    npm install math-expression-evaluator\r\n\r\n## Browser\r\n **Using bower**\r\n\r\n    bower install math-expression-evaluator\r\n# Features  \r\n##Supported symbols\r\n\r\n **+**   Addition Operator eg. 2+3 results 5  \r\n **-**   Subtraction Operator eg. 2-3 results -1  \r\n **/**   Division operator eg 3/2 results 1.5  \r\n **\\***   Multiplication Operator eg. 2\\*3 results 6  \r\n **Mod**   Modulus Operator eg. 3 Mod 2 results 1  \r\n **(**   Opening Parenthesis  \r\n **)**   Closing Parenthesis  \r\n **Sigma**   Summation eg. Sigma(1,100,n) results 5050  \r\n **Pi**   Product eg. Pi(1,10,n) results 3628800  \r\n **n**   Variable for Summation or Product  \r\n **pi**   Math constant pi returns 3.14  \r\n **e**   Math constant e returns 2.71  \r\n **C**   Combination operator eg. 4C2 returns 6  \r\n **P**   Permutation operator eg. 4P2 returns 12  \r\n **!**   factorial operator eg. 4! returns 24  \r\n **log**   logarithmic function with base 10 eg. log 1000 returns 3  \r\n **ln**   natural log function with base e eg. ln 2 returns .3010  \r\n **pow**   power function with two operator pow(2,3) returns 8  \r\n **^**   power operator eg. 2^3 returns 8  \r\n **root**   underroot function root 4 returns 2  \r\n**Trigonometric function**  \r\n **sin**  \r\n **cos**  \r\n **tan**  \r\n **asin**  \r\n **acos**  \r\n **atan**  \r\n **sinh**  \r\n **cosh**  \r\n **tanh**  \r\n **asinh**  \r\n **acosh**  \r\n **atanh**  \r\n\r\n##Amazing support for Sigma and Pi  \r\nThis is a fantastic feature of this calculator that it is capable of evaluating expressions containing **Sigma and Pi**.  \r\nPassing `Sigma(1,100,n)` will evaluate to 5050 as n is summationed from 1 to 100.\r\nand Pi(1,15,n) will evaluate to 1307674368000 as n is multiplied from 1 to 15 which is equal to 15!\r\n\r\n##Parenthesis less expression\r\nIf a expression is readable by human then it is readable by this evaluator. There is no need to wrap every function inside parenthesis.\r\nFor eg. sin90 will work totally fine instead of sin(90)\r\n\r\n# Test  \r\n    npm test',
29 silly publish   readmeFilename: 'README.md',
29 silly publish   gitHead: 'cbb4ca283bdec5b00ba2fd348c82f6a68f4efee4',
29 silly publish   _id: 'math-expression-evaluator@1.2.9',
29 silly publish   _shasum: '8c85319b23ec89a1f61d5d373351f135cb67ae3b',
29 silly publish   _from: '.' }
30 error need auth auth and email required for publishing
30 error need auth You need to authorize this machine using `npm adduser`
31 error System Windows_NT 6.2.9200
32 error command "C:\\Program Files\\nodejs\\\\node.exe" "C:\\Program Files\\nodejs\\node_modules\\npm\\bin\\npm-cli.js" "publish"
33 error cwd D:\Pthing\Projects\math-expression-evaluator
34 error node -v v0.10.40
35 error npm -v 1.4.28
36 error code ENEEDAUTH
37 verbose exit [ 1, true ]
